<?xml version="1.0" encoding="UTF-8"?>
<testsuite xmlns:xsi="http://www.w3.org/2001/XMLSchema-instance" xsi:noNamespaceSchemaLocation="https://maven.apache.org/surefire/maven-surefire-plugin/xsd/surefire-test-report.xsd" name="runners.TestRunner" time="0.861" tests="9" errors="0" skipped="7" failures="0">
  <properties>
[...]
</properties>
  <testcase name="Given User is on Login Page" classname="Scenario: Perform Succcesfull Login" time="0">
    <skipped/>
    <system-out><![CDATA[Feature: Login Action
]]></system-out>
  </testcase>
  <testcase name="When User accepted cookies" classname="Scenario: Perform Succcesfull Login" time="0">
    <skipped/>
  </testcase>
  <testcase name="And User enters &quot;kondareddy.a@gmail.com&quot; and &quot;Password@7&quot; and performed login action" classname="Scenario: Perform Succcesfull Login" time="0">
    <skipped/>
  </testcase>
  <testcase name="Then User login is successful" classname="Scenario: Perform Succcesfull Login" time="0">
    <skipped/>
  </testcase>
  <testcase name="Scenario: Perform Succcesfull Login" classname="Scenario: Perform Succcesfull Login" time="0.025"/>
  <testcase name="Given User is on home page" classname="Scenario: Perform Logout Action" time="0">
    <skipped/>
    <system-out><![CDATA[
  Scenario: Perform Succcesfull Login                                                    # LoginAction.feature:2
    Given User is on Login Page                                                          # LoginActionSteps.user_is_on_Login_Page()
    When User accepted cookies                                                           # LoginActionSteps.user_accepted_cookies()
    And User enters "kondareddy.a@gmail.com" and "Password@7" and performed login action # LoginActionSteps.user_enters_and_and_performed_login_action(String,String)
    Then User login is successful                                                        # LoginActionSteps.user_login_is_successful()
]]></system-out>
  </testcase>
  <testcase name="When User performed logout" classname="Scenario: Perform Logout Action" time="0">
    <skipped/>
  </testcase>
  <testcase name="Then User logout is successful" classname="Scenario: Perform Logout Action" time="0">
    <skipped/>
  </testcase>
  <testcase name="Scenario: Perform Logout Action" classname="Scenario: Perform Logout Action" time="0.009"/>
</testsuite>